0 info it worked if it ends with ok
1 verbose cli [ '/usr/bin/nodejs',
1 verbose cli   '/usr/bin/npm',
1 verbose cli   'install',
1 verbose cli   'http-server',
1 verbose cli   '-g' ]
2 info using npm@1.3.10
3 info using node@v0.10.25
4 verbose cache add [ 'http-server', null ]
5 verbose cache add name=undefined spec="http-server" args=["http-server",null]
6 verbose parsed url { protocol: null,
6 verbose parsed url   slashes: null,
6 verbose parsed url   auth: null,
6 verbose parsed url   host: null,
6 verbose parsed url   port: null,
6 verbose parsed url   hostname: null,
6 verbose parsed url   hash: null,
6 verbose parsed url   search: null,
6 verbose parsed url   query: null,
6 verbose parsed url   pathname: 'http-server',
6 verbose parsed url   path: 'http-server',
6 verbose parsed url   href: 'http-server' }
7 silly lockFile ed608307-http-server http-server
8 verbose lock http-server /home/casita/.npm/ed608307-http-server.lock
9 silly lockFile ed608307-http-server http-server
10 silly lockFile ed608307-http-server http-server
11 verbose addNamed [ 'http-server', '' ]
12 verbose addNamed [ null, '*' ]
13 silly lockFile 550353c6-http-server http-server@
14 verbose lock http-server@ /home/casita/.npm/550353c6-http-server.lock
15 silly addNameRange { name: 'http-server', range: '*', hasData: false }
16 verbose url raw http-server
17 verbose url resolving [ 'https://registry.npmjs.org/', './http-server' ]
18 verbose url resolved https://registry.npmjs.org/http-server
19 info trying registry request attempt 1 at 23:37:05
20 verbose etag "R1OANS0SDNMZQZX2P46CD3HQ"
21 http GET https://registry.npmjs.org/http-server
22 http 200 https://registry.npmjs.org/http-server
23 silly registry.get cb [ 200,
23 silly registry.get   { server: 'CouchDB/1.5.0 (Erlang OTP/R16B03)',
23 silly registry.get     etag: '"AU9UTN5JDUMCLBM8A61GMCFAZ"',
23 silly registry.get     'content-type': 'application/json',
23 silly registry.get     'cache-control': 'max-age=60',
23 silly registry.get     'content-length': '45287',
23 silly registry.get     'accept-ranges': 'bytes',
23 silly registry.get     date: 'Fri, 11 Sep 2015 04:37:06 GMT',
23 silly registry.get     via: '1.1 varnish',
23 silly registry.get     age: '29',
23 silly registry.get     connection: 'keep-alive',
23 silly registry.get     'x-served-by': 'cache-atl6222-ATL',
23 silly registry.get     'x-cache': 'HIT',
23 silly registry.get     'x-cache-hits': '1',
23 silly registry.get     'x-timer': 'S1441946226.322473,VS0,VE0',
23 silly registry.get     vary: 'Accept' } ]
24 silly addNameRange number 2 { name: 'http-server', range: '*', hasData: true }
25 silly addNameRange versions [ 'http-server',
25 silly addNameRange   [ '0.1.0',
25 silly addNameRange     '0.1.1',
25 silly addNameRange     '0.1.3',
25 silly addNameRange     '0.2.1',
25 silly addNameRange     '0.2.2',
25 silly addNameRange     '0.2.3',
25 silly addNameRange     '0.2.4',
25 silly addNameRange     '0.2.5',
25 silly addNameRange     '0.2.6',
25 silly addNameRange     '0.2.9',
25 silly addNameRange     '0.3.0',
25 silly addNameRange     '0.4.0',
25 silly addNameRange     '0.4.1',
25 silly addNameRange     '0.5.0',
25 silly addNameRange     '0.5.1',
25 silly addNameRange     '0.5.2',
25 silly addNameRange     '0.5.3',
25 silly addNameRange     '0.5.5',
25 silly addNameRange     '0.6.0',
25 silly addNameRange     '0.6.1',
25 silly addNameRange     '0.7.0',
25 silly addNameRange     '0.7.1',
25 silly addNameRange     '0.7.2',
25 silly addNameRange     '0.7.3',
25 silly addNameRange     '0.7.4',
25 silly addNameRange     '0.7.5',
25 silly addNameRange     '0.8.0' ] ]
26 verbose addNamed [ 'http-server', '0.8.0' ]
27 verbose addNamed [ '0.8.0', '0.8.0' ]
28 silly lockFile d5e3e4a2-http-server-0-8-0 http-server@0.8.0
29 verbose lock http-server@0.8.0 /home/casita/.npm/d5e3e4a2-http-server-0-8-0.lock
30 silly lockFile d5e3e4a2-http-server-0-8-0 http-server@0.8.0
31 silly lockFile d5e3e4a2-http-server-0-8-0 http-server@0.8.0
32 silly lockFile 550353c6-http-server http-server@
33 silly lockFile 550353c6-http-server http-server@
34 silly resolved [ { name: 'http-server',
34 silly resolved     version: '0.8.0',
34 silly resolved     description: 'A simple zero-configuration command-line http server',
34 silly resolved     main: './lib/http-server',
34 silly resolved     repository:
34 silly resolved      { type: 'git',
34 silly resolved        url: 'git://github.com/indexzero/http-server.git' },
34 silly resolved     keywords: [ 'cli', 'command' ],
34 silly resolved     scripts:
34 silly resolved      { start: 'node ./bin/http-server',
34 silly resolved        pretest: 'stylezero bin/ lib/ test',
34 silly resolved        test: 'vows --spec --isolate' },
34 silly resolved     contributors:
34 silly resolved      [ [Object],
34 silly resolved        [Object],
34 silly resolved        [Object],
34 silly resolved        [Object],
34 silly resolved        [Object],
34 silly resolved        [Object],
34 silly resolved        [Object],
34 silly resolved        [Object],
34 silly resolved        [Object],
34 silly resolved        [Object] ],
34 silly resolved     dependencies:
34 silly resolved      { colors: '1.0.3',
34 silly resolved        optimist: '0.6.x',
34 silly resolved        union: '~0.4.3',
34 silly resolved        ecstatic: '~0.7.0',
34 silly resolved        'http-proxy': '^1.8.1',
34 silly resolved        portfinder: '0.4.x',
34 silly resolved        opener: '~1.4.0',
34 silly resolved        corser: '~2.0.0' },
34 silly resolved     devDependencies: { vows: '0.7.x', request: '2.49.x', stylezero: '2.2.0' },
34 silly resolved     bugs: { url: 'https://github.com/nodeapps/http-server/issues' },
34 silly resolved     licenses: [ [Object] ],
34 silly resolved     preferGlobal: 'true',
34 silly resolved     bin: { 'http-server': './bin/http-server', hs: './bin/http-server' },
34 silly resolved     readme: '# http-server: a command-line http server\n\n`http-server` is a simple, zero-configuration command-line http server.  It is powerful enough for production usage, but it\'s simple and hackable enough to be used for testing, local development, and learning.\n\n![](https://github.com/nodeapps/http-server/raw/master/screenshots/public.png)\n\n# Installing globally:\n\nInstallation via `npm`.  If you don\'t have `npm` yet:\n\n     curl https://npmjs.org/install.sh | sh\n\nOnce you have `npm`:\n\n     npm install http-server -g\n\nThis will install `http-server` globally so that it may be run from the command line.\n\n## Usage:\n\n     http-server [path] [options]\n\n`[path]` defaults to `./public` if the folder exists, and `./` otherwise.\n\n# Installing as a node app\n\n     mkdir myapp\n     cd myapp/\n     jitsu install http-server\n\n*If you do not have `jitsu` installed you can install it via `npm install jitsu -g`*\n\n## Usage\n\n### Starting http-server locally\n\n     node bin/http-server\n\n*Now you can visit http://localhost:8080 to view your server*\n\n### Deploy http-server to nodejitsu\n\n     jitsu deploy\n\n*You will now be prompted for a `subdomain` to deploy your application on*\n\n## Available Options:\n\n`-p` Port to use (defaults to 8080)\n\n`-a` Address to use (defaults to 0.0.0.0)\n\n`-d` Show directory listings (defaults to \'True\')\n\n`-i` Display autoIndex (defaults to \'True\')\n\n`-e` or `--ext` Default file extension if none supplied (defaults to \'html\')\n\n`-s` or `--silent` Suppress log messages from output\n\n`--cors` Enable CORS via the `Access-Control-Allow-Origin` header\n\n`-o` Open browser window after staring the server\n\n`-c` Set cache time (in seconds) for cache-control max-age header, e.g. -c10 for 10 seconds (defaults to \'3600\'). To disable caching, use -c-1.\n\n`-P` or `--proxy` Proxies all requests which can\'t be resolved locally to the given url. e.g.: -P http://someurl.com\n\n`-S` or `--ssl` Enable https.\n\n`-C` or `--cert` Path to ssl cert file (default: cert.pem).\n\n`-K` or `--key` Path to ssl key file (default: key.pem).\n\n`-r` or `--robots` Provide a /robots.txt (whose content defaults to \'User-agent: *\\nDisallow: /\')\n\n`-h` or `--help` Print this list and exit.\n',
34 silly resolved     readmeFilename: 'README.md',
34 silly resolved     _id: 'http-server@0.8.0',
34 silly resolved     _from: 'http-server@' } ]
35 info install http-server@0.8.0 into /usr/local/lib
36 info installOne http-server@0.8.0
37 info /usr/local/lib/node_modules/http-server unbuild
38 info preuninstall http-server@0.8.0
39 info uninstall http-server@0.8.0
40 verbose true,/usr/local/lib/node_modules,/usr/local/lib/node_modules unbuild http-server@0.8.0
41 verbose /usr/local/bin,[object Object] binRoot
42 info /usr/local/lib/node_modules/http-server unbuild
43 info preuninstall http-server@0.8.0
44 info uninstall http-server@0.8.0
45 verbose true,/usr/local/lib/node_modules,/usr/local/lib/node_modules unbuild http-server@0.8.0
46 verbose /usr/local/bin,[object Object] binRoot
47 error error rolling back Error: EACCES, unlink '/usr/local/bin/http-server'
47 error error rolling back  http-server@0.8.0 { [Error: EACCES, unlink '/usr/local/bin/http-server'] errno: 3, code: 'EACCES', path: '/usr/local/bin/http-server' }
48 error Error: EACCES, unlink '/usr/local/bin/http-server'
48 error  { [Error: EACCES, unlink '/usr/local/bin/http-server'] errno: 3, code: 'EACCES', path: '/usr/local/bin/http-server' }
49 error Please try running this command again as root/Administrator.
50 error System Linux 3.16.0-43-generic
51 error command "/usr/bin/nodejs" "/usr/bin/npm" "install" "http-server" "-g"
52 error cwd /home/casita/hefesoft/odontologia/odonologia.parse
53 error node -v v0.10.25
54 error npm -v 1.3.10
55 error path /usr/local/bin/http-server
56 error code EACCES
57 error errno 3
58 error stack Error: EACCES, unlink '/usr/local/bin/http-server'
59 verbose exit [ 3, true ]
